<?xml version="1.0" encoding="UTF-8"?>
<!-- Generated by org.testng.reporters.JUnitReportReporter -->
<testsuite skipped="0" hostname="HDC2-D-CLHSXJ2" name="Drivers.mercurylinks" tests="1" failures="0" timestamp="21 Oct 2019 04:42:43 GMT" time="6.696" errors="1">
  <testcase name="f" time="6.696" classname="Drivers.mercurylinks">
    <error type="org.openqa.selenium.SessionNotCreatedException" message="session not created
from disconnected: received Inspector.detached event
  (Session info: chrome=77.0.3865.120)
Build info: version: &#039;3.14.0&#039;, revision: &#039;aacccce0&#039;, time: &#039;2018-08-02T20:19:58.91Z&#039;
System info: host: &#039;HDC2-D-CLHSXJ2&#039;, ip: &#039;10.211.154.150&#039;, os.name: &#039;Windows 10&#039;, os.arch: &#039;amd64&#039;, os.version: &#039;10.0&#039;, java.version: &#039;1.8.0_231&#039;
Driver info: driver.version: ChromeDriver
remote stacktrace: Backtrace:
	Ordinal0 [0x012DEB13+1501971]
	Ordinal0 [0x0125F6D1+980689]
	Ordinal0 [0x011E765F+489055]
	Ordinal0 [0x011E02B5+459445]
	Ordinal0 [0x011DFEA4+458404]
	Ordinal0 [0x011DFA1D+457245]
	Ordinal0 [0x011DF21D+455197]
	Ordinal0 [0x011DEDE4+454116]
	Ordinal0 [0x011DEDA5+454053]
	Ordinal0 [0x011E6525+484645]
	Ordinal0 [0x011DED5C+453980]
	Ordinal0 [0x011DF6D1+456401]
	Ordinal0 [0x011DF21D+455197]
	Ordinal0 [0x011DEDE4+454116]
	Ordinal0 [0x011DEDA5+454053]
	Ordinal0 [0x011E4ECE+478926]
	Ordinal0 [0x011DED5C+453980]
	Ordinal0 [0x011DF6D1+456401]
	Ordinal0 [0x011DF21D+455197]
	Ordinal0 [0x011DEDE4+454116]
	Ordinal0 [0x011DEDA5+454053]
	Ordinal0 [0x011E365B+472667]
	Ordinal0 [0x011DED5C+453980]
	Ordinal0 [0x011DF6D1+456401]
	Ordinal0 [0x011DF21D+455197]
	Ordinal0 [0x011DEDE4+454116]
	Ordinal0 [0x011DEDA5+454053]
	Ordinal0 [0x011E2C67+470119]
	Ordinal0 [0x011DED5C+453980]
	Ordinal0 [0x011DF6D1+456401]
	Ordinal0 [0x011DF21D+455197]
	Ordinal0 [0x011DEDE4+454116]
	Ordinal0 [0x011DEDA5+454053]
	Ordinal0 [0x011DBA0C+440844]
	Ordinal0 [0x011DED5C+453980]
	Ordinal0 [0x011DEC44+453700]
	Ordinal0 [0x011E8330+492336]
	Ordinal0 [0x0119A108+172296]
	Ordinal0 [0x0119942D+169005]
	Ordinal0 [0x011978EB+162027]
	Ordinal0 [0x01180AC7+68295]
	Ordinal0 [0x01181B40+72512]
	Ordinal0 [0x01181AD9+72409]
	Ordinal0 [0x01278F37+1085239]
	GetHandleVerifier [0x0137D7ED+503293]
	GetHandleVerifier [0x0137D580+502672]
	GetHandleVerifier [0x013846AC+531644]
	GetHandleVerifier [0x0137DFFA+505354]
	Ordinal0 [0x01270606+1050118]
	Ordinal0 [0x0127047F+1049727]
	Ordinal0 [0x0127AF9B+1093531]
	Ordinal0 [0x0127B103+1093891]
	Ordinal0 [0x0127A095+1089685]
	BaseThreadInitThunk [0x76370419+25]
	RtlGetAppContainerNamedObjectPath [0x7781662D+237]
	RtlGetAppContainerNamedObjectPath [0x778165FD+189]
">
      <![CDATA[org.openqa.selenium.SessionNotCreatedException: session not created
from disconnected: received Inspector.detached event
  (Session info: chrome=77.0.3865.120)
Build info: version: '3.14.0', revision: 'aacccce0', time: '2018-08-02T20:19:58.91Z'
System info: host: 'HDC2-D-CLHSXJ2', ip: '10.211.154.150', os.name: 'Windows 10', os.arch: 'amd64', os.version: '10.0', java.version: '1.8.0_231'
Driver info: driver.version: ChromeDriver
remote stacktrace: Backtrace:
	Ordinal0 [0x012DEB13+1501971]
	Ordinal0 [0x0125F6D1+980689]
	Ordinal0 [0x011E765F+489055]
	Ordinal0 [0x011E02B5+459445]
	Ordinal0 [0x011DFEA4+458404]
	Ordinal0 [0x011DFA1D+457245]
	Ordinal0 [0x011DF21D+455197]
	Ordinal0 [0x011DEDE4+454116]
	Ordinal0 [0x011DEDA5+454053]
	Ordinal0 [0x011E6525+484645]
	Ordinal0 [0x011DED5C+453980]
	Ordinal0 [0x011DF6D1+456401]
	Ordinal0 [0x011DF21D+455197]
	Ordinal0 [0x011DEDE4+454116]
	Ordinal0 [0x011DEDA5+454053]
	Ordinal0 [0x011E4ECE+478926]
	Ordinal0 [0x011DED5C+453980]
	Ordinal0 [0x011DF6D1+456401]
	Ordinal0 [0x011DF21D+455197]
	Ordinal0 [0x011DEDE4+454116]
	Ordinal0 [0x011DEDA5+454053]
	Ordinal0 [0x011E365B+472667]
	Ordinal0 [0x011DED5C+453980]
	Ordinal0 [0x011DF6D1+456401]
	Ordinal0 [0x011DF21D+455197]
	Ordinal0 [0x011DEDE4+454116]
	Ordinal0 [0x011DEDA5+454053]
	Ordinal0 [0x011E2C67+470119]
	Ordinal0 [0x011DED5C+453980]
	Ordinal0 [0x011DF6D1+456401]
	Ordinal0 [0x011DF21D+455197]
	Ordinal0 [0x011DEDE4+454116]
	Ordinal0 [0x011DEDA5+454053]
	Ordinal0 [0x011DBA0C+440844]
	Ordinal0 [0x011DED5C+453980]
	Ordinal0 [0x011DEC44+453700]
	Ordinal0 [0x011E8330+492336]
	Ordinal0 [0x0119A108+172296]
	Ordinal0 [0x0119942D+169005]
	Ordinal0 [0x011978EB+162027]
	Ordinal0 [0x01180AC7+68295]
	Ordinal0 [0x01181B40+72512]
	Ordinal0 [0x01181AD9+72409]
	Ordinal0 [0x01278F37+1085239]
	GetHandleVerifier [0x0137D7ED+503293]
	GetHandleVerifier [0x0137D580+502672]
	GetHandleVerifier [0x013846AC+531644]
	GetHandleVerifier [0x0137DFFA+505354]
	Ordinal0 [0x01270606+1050118]
	Ordinal0 [0x0127047F+1049727]
	Ordinal0 [0x0127AF9B+1093531]
	Ordinal0 [0x0127B103+1093891]
	Ordinal0 [0x0127A095+1089685]
	BaseThreadInitThunk [0x76370419+25]
	RtlGetAppContainerNamedObjectPath [0x7781662D+237]
	RtlGetAppContainerNamedObjectPath [0x778165FD+189]

	at sun.reflect.NativeConstructorAccessorImpl.newInstance0(Native Method)
	at sun.reflect.NativeConstructorAccessorImpl.newInstance(Unknown Source)
	at sun.reflect.DelegatingConstructorAccessorImpl.newInstance(Unknown Source)
	at java.lang.reflect.Constructor.newInstance(Unknown Source)
	at org.openqa.selenium.remote.W3CHandshakeResponse.lambda$new$0(W3CHandshakeResponse.java:57)
	at org.openqa.selenium.remote.W3CHandshakeResponse.lambda$getResponseFunction$2(W3CHandshakeResponse.java:104)
	at org.openqa.selenium.remote.ProtocolHandshake.lambda$createSession$0(ProtocolHandshake.java:122)
	at java.util.stream.ReferencePipeline$3$1.accept(Unknown Source)
	at java.util.Spliterators$ArraySpliterator.tryAdvance(Unknown Source)
	at java.util.stream.ReferencePipeline.forEachWithCancel(Unknown Source)
	at java.util.stream.AbstractPipeline.copyIntoWithCancel(Unknown Source)
	at java.util.stream.AbstractPipeline.copyInto(Unknown Source)
	at java.util.stream.AbstractPipeline.wrapAndCopyInto(Unknown Source)
	at java.util.stream.FindOps$FindOp.evaluateSequential(Unknown Source)
	at java.util.stream.AbstractPipeline.evaluate(Unknown Source)
	at java.util.stream.ReferencePipeline.findFirst(Unknown Source)
	at org.openqa.selenium.remote.ProtocolHandshake.createSession(ProtocolHandshake.java:125)
	at org.openqa.selenium.remote.ProtocolHandshake.createSession(ProtocolHandshake.java:73)
	at org.openqa.selenium.remote.HttpCommandExecutor.execute(HttpCommandExecutor.java:136)
	at org.openqa.selenium.remote.service.DriverCommandExecutor.execute(DriverCommandExecutor.java:83)
	at org.openqa.selenium.remote.RemoteWebDriver.execute(RemoteWebDriver.java:548)
	at org.openqa.selenium.remote.RemoteWebDriver.startSession(RemoteWebDriver.java:212)
	at org.openqa.selenium.remote.RemoteWebDriver.<init>(RemoteWebDriver.java:130)
	at org.openqa.selenium.chrome.ChromeDriver.<init>(ChromeDriver.java:181)
	at org.openqa.selenium.chrome.ChromeDriver.<init>(ChromeDriver.java:168)
	at org.openqa.selenium.chrome.ChromeDriver.<init>(ChromeDriver.java:123)
	at Drivers.MyDriver123.getDriver(MyDriver123.java:15)
	at Drivers.mercurylinks.f(mercurylinks.java:16)
	at sun.reflect.NativeMethodAccessorImpl.invoke0(Native Method)
	at sun.reflect.NativeMethodAccessorImpl.invoke(Unknown Source)
	at sun.reflect.DelegatingMethodAccessorImpl.invoke(Unknown Source)
	at java.lang.reflect.Method.invoke(Unknown Source)
	at org.testng.internal.MethodInvocationHelper.invokeMethod(MethodInvocationHelper.java:108)
	at org.testng.internal.Invoker.invokeMethod(Invoker.java:661)
	at org.testng.internal.Invoker.invokeTestMethod(Invoker.java:869)
	at org.testng.internal.Invoker.invokeTestMethods(Invoker.java:1193)
	at org.testng.internal.TestMethodWorker.invokeTestMethods(TestMethodWorker.java:126)
	at org.testng.internal.TestMethodWorker.run(TestMethodWorker.java:109)
	at org.testng.TestRunner.privateRun(TestRunner.java:744)
	at org.testng.TestRunner.run(TestRunner.java:602)
	at org.testng.SuiteRunner.runTest(SuiteRunner.java:380)
	at org.testng.SuiteRunner.runSequentially(SuiteRunner.java:375)
	at org.testng.SuiteRunner.privateRun(SuiteRunner.java:340)
	at org.testng.SuiteRunner.run(SuiteRunner.java:289)
	at org.testng.SuiteRunnerWorker.runSuite(SuiteRunnerWorker.java:52)
	at org.testng.SuiteRunnerWorker.run(SuiteRunnerWorker.java:86)
	at org.testng.TestNG.runSuitesSequentially(TestNG.java:1301)
	at org.testng.TestNG.runSuitesLocally(TestNG.java:1226)
	at org.testng.TestNG.runSuites(TestNG.java:1144)
	at org.testng.TestNG.run(TestNG.java:1115)
	at org.testng.remote.AbstractRemoteTestNG.run(AbstractRemoteTestNG.java:132)
	at org.testng.remote.RemoteTestNG.initAndRun(RemoteTestNG.java:230)
	at org.testng.remote.RemoteTestNG.main(RemoteTestNG.java:76)
]]>
    </error>
  </testcase> <!-- f -->
</testsuite> <!-- Drivers.mercurylinks -->
